2025-01-08 23:58:14,875 - Blockchain - INFO - 创世块已创建
2025-01-08 23:58:14,877 - Node-1 - INFO - 节点 1 创建账户: f6a4d829e3a0da7e602fcd8ce6fa0231eaadbdf63b2c8b3cc993a0391f7dc30dcedbb88487c448a8bd0e13cb19c58b439bc8808257023b150fd823448ca1c3ba
2025-01-08 23:58:14,877 - Node-1 - INFO - 节点 1 添加创世账户: c8d1bede43e913c9340aea3e428dfd356b1c02193d0f3d8f4565f56e8f8d0b14ded767aafdd12aa79e18d195f283be3535bce2b997155fde0a4161b68c50acb3
2025-01-08 23:58:14,879 - Node-2 - INFO - 节点 2 创建账户: 9f78e85199b6d5b4af36f472f35bb2b210960de26009786a948eec3deec829a45dcddf211caa4e0205d01f101bf52c533b3da7b8bfc736b96e5d904fa846add2
2025-01-08 23:58:14,879 - Node-2 - INFO - 节点 2 添加创世账户: c8d1bede43e913c9340aea3e428dfd356b1c02193d0f3d8f4565f56e8f8d0b14ded767aafdd12aa79e18d195f283be3535bce2b997155fde0a4161b68c50acb3
2025-01-08 23:58:14,880 - Node-3 - INFO - 节点 3 创建账户: 2612874fc72d18e60c646924eece4f5cc19d58045414092d6ed3fd7abed7d49e5a652cd2d33f575477d7fdba3d7795fac05a567bc71916ee0524b580130e567c
2025-01-08 23:58:14,880 - Node-3 - INFO - 节点 3 添加创世账户: c8d1bede43e913c9340aea3e428dfd356b1c02193d0f3d8f4565f56e8f8d0b14ded767aafdd12aa79e18d195f283be3535bce2b997155fde0a4161b68c50acb3
2025-01-08 23:58:14,881 - Node-4 - INFO - 节点 4 创建账户: 73b439f84b23a380135f327a0cedea61fc4d84382014a6e2333377a92cf439fa74b228502f77cb145e1742691e8223217c045bba1fa6fcbdc5c3b541a609afe4
2025-01-08 23:58:14,882 - Node-4 - INFO - 节点 4 添加创世账户: c8d1bede43e913c9340aea3e428dfd356b1c02193d0f3d8f4565f56e8f8d0b14ded767aafdd12aa79e18d195f283be3535bce2b997155fde0a4161b68c50acb3
2025-01-08 23:58:14,882 - Node-5 - INFO - 节点 5 创建账户: db816c67358d5136c2d7955aeb9e312e59449b3073f74321123f92eb2fcf3bcaf7b68b37fcef94823389ffa32d1bbce5eaaeb5634ae36d8eb374707f91d42e0f
2025-01-08 23:58:14,883 - Node-5 - INFO - 节点 5 添加创世账户: c8d1bede43e913c9340aea3e428dfd356b1c02193d0f3d8f4565f56e8f8d0b14ded767aafdd12aa79e18d195f283be3535bce2b997155fde0a4161b68c50acb3
2025-01-08 23:58:15,626 - Main - INFO - 账户更新: 地址=f6a4d829e3a0da7e602fcd8ce6fa0231eaadbdf63b2c8b3cc993a0391f7dc30dcedbb88487c448a8bd0e13cb19c58b439bc8808257023b150fd823448ca1c3ba, 余额=0 BTC
2025-01-08 23:58:15,644 - Main - INFO - 账户更新: 地址=db816c67358d5136c2d7955aeb9e312e59449b3073f74321123f92eb2fcf3bcaf7b68b37fcef94823389ffa32d1bbce5eaaeb5634ae36d8eb374707f91d42e0f, 余额=0 BTC
2025-01-08 23:58:15,644 - Main - INFO - 账户更新: 地址=c8d1bede43e913c9340aea3e428dfd356b1c02193d0f3d8f4565f56e8f8d0b14ded767aafdd12aa79e18d195f283be3535bce2b997155fde0a4161b68c50acb3, 余额=50.0 BTC
2025-01-08 23:58:15,644 - Main - INFO - 账户更新: 地址=2612874fc72d18e60c646924eece4f5cc19d58045414092d6ed3fd7abed7d49e5a652cd2d33f575477d7fdba3d7795fac05a567bc71916ee0524b580130e567c, 余额=0 BTC
2025-01-08 23:58:15,645 - Main - INFO - 账户更新: 地址=73b439f84b23a380135f327a0cedea61fc4d84382014a6e2333377a92cf439fa74b228502f77cb145e1742691e8223217c045bba1fa6fcbdc5c3b541a609afe4, 余额=0 BTC
2025-01-08 23:58:15,645 - Main - INFO - 账户更新: 地址=9f78e85199b6d5b4af36f472f35bb2b210960de26009786a948eec3deec829a45dcddf211caa4e0205d01f101bf52c533b3da7b8bfc736b96e5d904fa846add2, 余额=0 BTC
2025-01-08 23:58:15,646 - Main - INFO - 区块更新: 高度=0, 哈希=e89b581ed333259ba4cb2cde0f00bb321ba5244c2ed526ec43ddbe679bfb55cf, 交易数=0
2025-01-08 23:58:15,657 - Main - INFO - 账户更新: 地址=f6a4d829e3a0da7e602fcd8ce6fa0231eaadbdf63b2c8b3cc993a0391f7dc30dcedbb88487c448a8bd0e13cb19c58b439bc8808257023b150fd823448ca1c3ba, 余额=0 BTC
2025-01-08 23:58:15,657 - Main - INFO - 账户更新: 地址=db816c67358d5136c2d7955aeb9e312e59449b3073f74321123f92eb2fcf3bcaf7b68b37fcef94823389ffa32d1bbce5eaaeb5634ae36d8eb374707f91d42e0f, 余额=0 BTC
2025-01-08 23:58:15,660 - Main - INFO - 账户更新: 地址=c8d1bede43e913c9340aea3e428dfd356b1c02193d0f3d8f4565f56e8f8d0b14ded767aafdd12aa79e18d195f283be3535bce2b997155fde0a4161b68c50acb3, 余额=50.0 BTC
2025-01-08 23:58:15,660 - Main - INFO - 账户更新: 地址=2612874fc72d18e60c646924eece4f5cc19d58045414092d6ed3fd7abed7d49e5a652cd2d33f575477d7fdba3d7795fac05a567bc71916ee0524b580130e567c, 余额=0 BTC
2025-01-08 23:58:15,661 - Main - INFO - 账户更新: 地址=73b439f84b23a380135f327a0cedea61fc4d84382014a6e2333377a92cf439fa74b228502f77cb145e1742691e8223217c045bba1fa6fcbdc5c3b541a609afe4, 余额=0 BTC
2025-01-08 23:58:15,662 - Main - INFO - 账户更新: 地址=9f78e85199b6d5b4af36f472f35bb2b210960de26009786a948eec3deec829a45dcddf211caa4e0205d01f101bf52c533b3da7b8bfc736b96e5d904fa846add2, 余额=0 BTC
2025-01-08 23:58:15,669 - Main - INFO - 区块更新: 高度=0, 哈希=e89b581ed333259ba4cb2cde0f00bb321ba5244c2ed526ec43ddbe679bfb55cf, 交易数=0
2025-01-08 23:58:16,663 - Main - INFO - 账户更新: 地址=f6a4d829e3a0da7e602fcd8ce6fa0231eaadbdf63b2c8b3cc993a0391f7dc30dcedbb88487c448a8bd0e13cb19c58b439bc8808257023b150fd823448ca1c3ba, 余额=0 BTC
2025-01-08 23:58:16,664 - Main - INFO - 账户更新: 地址=db816c67358d5136c2d7955aeb9e312e59449b3073f74321123f92eb2fcf3bcaf7b68b37fcef94823389ffa32d1bbce5eaaeb5634ae36d8eb374707f91d42e0f, 余额=0 BTC
2025-01-08 23:58:16,666 - Main - INFO - 账户更新: 地址=c8d1bede43e913c9340aea3e428dfd356b1c02193d0f3d8f4565f56e8f8d0b14ded767aafdd12aa79e18d195f283be3535bce2b997155fde0a4161b68c50acb3, 余额=50.0 BTC
2025-01-08 23:58:16,667 - Main - INFO - 账户更新: 地址=2612874fc72d18e60c646924eece4f5cc19d58045414092d6ed3fd7abed7d49e5a652cd2d33f575477d7fdba3d7795fac05a567bc71916ee0524b580130e567c, 余额=0 BTC
2025-01-08 23:58:16,668 - Main - INFO - 账户更新: 地址=73b439f84b23a380135f327a0cedea61fc4d84382014a6e2333377a92cf439fa74b228502f77cb145e1742691e8223217c045bba1fa6fcbdc5c3b541a609afe4, 余额=0 BTC
2025-01-08 23:58:16,670 - Main - INFO - 账户更新: 地址=9f78e85199b6d5b4af36f472f35bb2b210960de26009786a948eec3deec829a45dcddf211caa4e0205d01f101bf52c533b3da7b8bfc736b96e5d904fa846add2, 余额=0 BTC
2025-01-08 23:58:16,672 - Main - INFO - 区块更新: 高度=0, 哈希=e89b581ed333259ba4cb2cde0f00bb321ba5244c2ed526ec43ddbe679bfb55cf, 交易数=0
2025-01-08 23:58:17,678 - Main - INFO - 账户更新: 地址=f6a4d829e3a0da7e602fcd8ce6fa0231eaadbdf63b2c8b3cc993a0391f7dc30dcedbb88487c448a8bd0e13cb19c58b439bc8808257023b150fd823448ca1c3ba, 余额=0 BTC
2025-01-08 23:58:17,729 - Main - INFO - 账户更新: 地址=db816c67358d5136c2d7955aeb9e312e59449b3073f74321123f92eb2fcf3bcaf7b68b37fcef94823389ffa32d1bbce5eaaeb5634ae36d8eb374707f91d42e0f, 余额=0 BTC
2025-01-08 23:58:17,787 - Main - INFO - 账户更新: 地址=c8d1bede43e913c9340aea3e428dfd356b1c02193d0f3d8f4565f56e8f8d0b14ded767aafdd12aa79e18d195f283be3535bce2b997155fde0a4161b68c50acb3, 余额=50.0 BTC
2025-01-08 23:58:17,840 - Main - INFO - 账户更新: 地址=2612874fc72d18e60c646924eece4f5cc19d58045414092d6ed3fd7abed7d49e5a652cd2d33f575477d7fdba3d7795fac05a567bc71916ee0524b580130e567c, 余额=0 BTC
2025-01-08 23:58:17,889 - Main - INFO - 账户更新: 地址=73b439f84b23a380135f327a0cedea61fc4d84382014a6e2333377a92cf439fa74b228502f77cb145e1742691e8223217c045bba1fa6fcbdc5c3b541a609afe4, 余额=0 BTC
2025-01-08 23:58:17,944 - Main - INFO - 账户更新: 地址=9f78e85199b6d5b4af36f472f35bb2b210960de26009786a948eec3deec829a45dcddf211caa4e0205d01f101bf52c533b3da7b8bfc736b96e5d904fa846add2, 余额=0 BTC
2025-01-08 23:58:17,998 - Main - INFO - 区块更新: 高度=0, 哈希=e89b581ed333259ba4cb2cde0f00bb321ba5244c2ed526ec43ddbe679bfb55cf, 交易数=0
2025-01-08 23:58:19,049 - Main - INFO - 账户更新: 地址=f6a4d829e3a0da7e602fcd8ce6fa0231eaadbdf63b2c8b3cc993a0391f7dc30dcedbb88487c448a8bd0e13cb19c58b439bc8808257023b150fd823448ca1c3ba, 余额=0 BTC
2025-01-08 23:58:19,107 - Main - INFO - 账户更新: 地址=db816c67358d5136c2d7955aeb9e312e59449b3073f74321123f92eb2fcf3bcaf7b68b37fcef94823389ffa32d1bbce5eaaeb5634ae36d8eb374707f91d42e0f, 余额=0 BTC
2025-01-08 23:58:19,157 - Main - INFO - 账户更新: 地址=c8d1bede43e913c9340aea3e428dfd356b1c02193d0f3d8f4565f56e8f8d0b14ded767aafdd12aa79e18d195f283be3535bce2b997155fde0a4161b68c50acb3, 余额=50.0 BTC
2025-01-08 23:58:19,216 - Main - INFO - 账户更新: 地址=2612874fc72d18e60c646924eece4f5cc19d58045414092d6ed3fd7abed7d49e5a652cd2d33f575477d7fdba3d7795fac05a567bc71916ee0524b580130e567c, 余额=0 BTC
2025-01-08 23:58:19,278 - Main - INFO - 账户更新: 地址=73b439f84b23a380135f327a0cedea61fc4d84382014a6e2333377a92cf439fa74b228502f77cb145e1742691e8223217c045bba1fa6fcbdc5c3b541a609afe4, 余额=0 BTC
2025-01-08 23:58:19,354 - Main - INFO - 账户更新: 地址=9f78e85199b6d5b4af36f472f35bb2b210960de26009786a948eec3deec829a45dcddf211caa4e0205d01f101bf52c533b3da7b8bfc736b96e5d904fa846add2, 余额=0 BTC
2025-01-08 23:58:19,415 - Main - INFO - 区块更新: 高度=0, 哈希=e89b581ed333259ba4cb2cde0f00bb321ba5244c2ed526ec43ddbe679bfb55cf, 交易数=0
2025-01-08 23:58:20,478 - Main - INFO - 账户更新: 地址=f6a4d829e3a0da7e602fcd8ce6fa0231eaadbdf63b2c8b3cc993a0391f7dc30dcedbb88487c448a8bd0e13cb19c58b439bc8808257023b150fd823448ca1c3ba, 余额=0 BTC
2025-01-08 23:58:20,536 - Main - INFO - 账户更新: 地址=db816c67358d5136c2d7955aeb9e312e59449b3073f74321123f92eb2fcf3bcaf7b68b37fcef94823389ffa32d1bbce5eaaeb5634ae36d8eb374707f91d42e0f, 余额=0 BTC
2025-01-08 23:58:20,591 - Main - INFO - 账户更新: 地址=c8d1bede43e913c9340aea3e428dfd356b1c02193d0f3d8f4565f56e8f8d0b14ded767aafdd12aa79e18d195f283be3535bce2b997155fde0a4161b68c50acb3, 余额=50.0 BTC
2025-01-08 23:58:20,649 - Main - INFO - 账户更新: 地址=2612874fc72d18e60c646924eece4f5cc19d58045414092d6ed3fd7abed7d49e5a652cd2d33f575477d7fdba3d7795fac05a567bc71916ee0524b580130e567c, 余额=0 BTC
2025-01-08 23:58:20,704 - Main - INFO - 账户更新: 地址=73b439f84b23a380135f327a0cedea61fc4d84382014a6e2333377a92cf439fa74b228502f77cb145e1742691e8223217c045bba1fa6fcbdc5c3b541a609afe4, 余额=0 BTC
2025-01-08 23:58:20,765 - Main - INFO - 账户更新: 地址=9f78e85199b6d5b4af36f472f35bb2b210960de26009786a948eec3deec829a45dcddf211caa4e0205d01f101bf52c533b3da7b8bfc736b96e5d904fa846add2, 余额=0 BTC
2025-01-08 23:58:20,819 - Main - INFO - 区块更新: 高度=0, 哈希=e89b581ed333259ba4cb2cde0f00bb321ba5244c2ed526ec43ddbe679bfb55cf, 交易数=0
2025-01-08 23:58:21,234 - Main - INFO - 所有网络节点已停止。
2025-01-09 00:05:56,762 - Blockchain - INFO - 创世块已创建
2025-01-09 00:05:56,765 - Node-1 - INFO - 节点 1 创建账户: 40b5686cd68adcf0f734f4d1ea85f1323b1548c0971ea7ad73e7980fa1616eab0f8eefa4bb00068362674f35675d8e8c4f955007b55e1833b15bd185707fea69
2025-01-09 00:05:56,765 - Node-1 - INFO - 节点 1 添加创世账户: c69f62c19d9a6113bbc41cfa1d67b058d8f61c18ea17bc2de2474e438fe7cc69bf27e2a9e7c889317c8c0653448d40707675cb88b7182af1a84c0d4c2999addc
2025-01-09 00:05:56,766 - Node-2 - INFO - 节点 2 创建账户: 13aa3678d02f3e1b25da2496a18182e60b9b640521892d2e19c052756172cd1492eee9b2181987ee296de33634aedb761a08693ad7a950085ef5d8c4aab10df9
2025-01-09 00:05:56,766 - Node-2 - INFO - 节点 2 添加创世账户: c69f62c19d9a6113bbc41cfa1d67b058d8f61c18ea17bc2de2474e438fe7cc69bf27e2a9e7c889317c8c0653448d40707675cb88b7182af1a84c0d4c2999addc
2025-01-09 00:05:56,767 - Node-3 - INFO - 节点 3 创建账户: d1a8ddbf5c508761d9bd1580643e03113cc496563fab5fa98d265ce93fbe0e4e6e6ec40b1093a300370c580530e411b8c037bb908472a9d51c89c2835a03715d
2025-01-09 00:05:56,767 - Node-3 - INFO - 节点 3 添加创世账户: c69f62c19d9a6113bbc41cfa1d67b058d8f61c18ea17bc2de2474e438fe7cc69bf27e2a9e7c889317c8c0653448d40707675cb88b7182af1a84c0d4c2999addc
2025-01-09 00:05:56,768 - Node-4 - INFO - 节点 4 创建账户: d259f73cf96f6e83e795f41d9901535acf5dd3a39268aaaf30c15e6f41fce4e867a84e7dda3c9e5a14ba572553826d3818031250869535c3e19c1059ad690876
2025-01-09 00:05:56,768 - Node-4 - INFO - 节点 4 添加创世账户: c69f62c19d9a6113bbc41cfa1d67b058d8f61c18ea17bc2de2474e438fe7cc69bf27e2a9e7c889317c8c0653448d40707675cb88b7182af1a84c0d4c2999addc
2025-01-09 00:05:56,768 - Node-5 - INFO - 节点 5 创建账户: de10b68b4b1454af111aaf19ff7f70a7500ae4eb0c6a8bddec629c1675c15668e4c673fc6cb0003ba9a2ca90906da61e3577883cba9a77f1764b1271045ffacc
2025-01-09 00:05:56,768 - Node-5 - INFO - 节点 5 添加创世账户: c69f62c19d9a6113bbc41cfa1d67b058d8f61c18ea17bc2de2474e438fe7cc69bf27e2a9e7c889317c8c0653448d40707675cb88b7182af1a84c0d4c2999addc
2025-01-09 00:05:57,091 - Main - INFO - 账户更新: 地址=c69f62c19d9a6113bbc41cfa1d67b058d8f61c18ea17bc2de2474e438fe7cc69bf27e2a9e7c889317c8c0653448d40707675cb88b7182af1a84c0d4c2999addc, 余额=50.0 BTC
2025-01-09 00:05:57,102 - Main - INFO - 账户更新: 地址=d1a8ddbf5c508761d9bd1580643e03113cc496563fab5fa98d265ce93fbe0e4e6e6ec40b1093a300370c580530e411b8c037bb908472a9d51c89c2835a03715d, 余额=0 BTC
2025-01-09 00:05:57,103 - Main - INFO - 账户更新: 地址=d259f73cf96f6e83e795f41d9901535acf5dd3a39268aaaf30c15e6f41fce4e867a84e7dda3c9e5a14ba572553826d3818031250869535c3e19c1059ad690876, 余额=0 BTC
2025-01-09 00:05:57,104 - Main - INFO - 账户更新: 地址=40b5686cd68adcf0f734f4d1ea85f1323b1548c0971ea7ad73e7980fa1616eab0f8eefa4bb00068362674f35675d8e8c4f955007b55e1833b15bd185707fea69, 余额=0 BTC
2025-01-09 00:05:57,105 - Main - INFO - 账户更新: 地址=de10b68b4b1454af111aaf19ff7f70a7500ae4eb0c6a8bddec629c1675c15668e4c673fc6cb0003ba9a2ca90906da61e3577883cba9a77f1764b1271045ffacc, 余额=0 BTC
2025-01-09 00:05:57,105 - Main - INFO - 账户更新: 地址=13aa3678d02f3e1b25da2496a18182e60b9b640521892d2e19c052756172cd1492eee9b2181987ee296de33634aedb761a08693ad7a950085ef5d8c4aab10df9, 余额=0 BTC
2025-01-09 00:05:57,106 - Main - INFO - 区块更新: 高度=0, 哈希=18d7fb16e1d6863c1d137478d42b68281ed996f5caf12abde2e557a3a8e12727, 交易数=0
2025-01-09 00:05:57,106 - Main - INFO - 账户更新: 地址=c69f62c19d9a6113bbc41cfa1d67b058d8f61c18ea17bc2de2474e438fe7cc69bf27e2a9e7c889317c8c0653448d40707675cb88b7182af1a84c0d4c2999addc, 余额=50.0 BTC
2025-01-09 00:05:57,107 - Main - INFO - 账户更新: 地址=d1a8ddbf5c508761d9bd1580643e03113cc496563fab5fa98d265ce93fbe0e4e6e6ec40b1093a300370c580530e411b8c037bb908472a9d51c89c2835a03715d, 余额=0 BTC
2025-01-09 00:05:57,107 - Main - INFO - 账户更新: 地址=d259f73cf96f6e83e795f41d9901535acf5dd3a39268aaaf30c15e6f41fce4e867a84e7dda3c9e5a14ba572553826d3818031250869535c3e19c1059ad690876, 余额=0 BTC
2025-01-09 00:05:57,108 - Main - INFO - 账户更新: 地址=40b5686cd68adcf0f734f4d1ea85f1323b1548c0971ea7ad73e7980fa1616eab0f8eefa4bb00068362674f35675d8e8c4f955007b55e1833b15bd185707fea69, 余额=0 BTC
2025-01-09 00:05:57,109 - Main - INFO - 账户更新: 地址=de10b68b4b1454af111aaf19ff7f70a7500ae4eb0c6a8bddec629c1675c15668e4c673fc6cb0003ba9a2ca90906da61e3577883cba9a77f1764b1271045ffacc, 余额=0 BTC
2025-01-09 00:05:57,110 - Main - INFO - 账户更新: 地址=13aa3678d02f3e1b25da2496a18182e60b9b640521892d2e19c052756172cd1492eee9b2181987ee296de33634aedb761a08693ad7a950085ef5d8c4aab10df9, 余额=0 BTC
2025-01-09 00:05:57,111 - Main - INFO - 区块更新: 高度=0, 哈希=18d7fb16e1d6863c1d137478d42b68281ed996f5caf12abde2e557a3a8e12727, 交易数=0
2025-01-09 00:05:58,107 - Main - INFO - 账户更新: 地址=c69f62c19d9a6113bbc41cfa1d67b058d8f61c18ea17bc2de2474e438fe7cc69bf27e2a9e7c889317c8c0653448d40707675cb88b7182af1a84c0d4c2999addc, 余额=50.0 BTC
2025-01-09 00:05:58,175 - Main - INFO - 账户更新: 地址=d1a8ddbf5c508761d9bd1580643e03113cc496563fab5fa98d265ce93fbe0e4e6e6ec40b1093a300370c580530e411b8c037bb908472a9d51c89c2835a03715d, 余额=0 BTC
2025-01-09 00:05:58,236 - Main - INFO - 账户更新: 地址=d259f73cf96f6e83e795f41d9901535acf5dd3a39268aaaf30c15e6f41fce4e867a84e7dda3c9e5a14ba572553826d3818031250869535c3e19c1059ad690876, 余额=0 BTC
2025-01-09 00:05:58,291 - Main - INFO - 账户更新: 地址=40b5686cd68adcf0f734f4d1ea85f1323b1548c0971ea7ad73e7980fa1616eab0f8eefa4bb00068362674f35675d8e8c4f955007b55e1833b15bd185707fea69, 余额=0 BTC
2025-01-09 00:05:58,355 - Main - INFO - 账户更新: 地址=de10b68b4b1454af111aaf19ff7f70a7500ae4eb0c6a8bddec629c1675c15668e4c673fc6cb0003ba9a2ca90906da61e3577883cba9a77f1764b1271045ffacc, 余额=0 BTC
2025-01-09 00:05:58,422 - Main - INFO - 账户更新: 地址=13aa3678d02f3e1b25da2496a18182e60b9b640521892d2e19c052756172cd1492eee9b2181987ee296de33634aedb761a08693ad7a950085ef5d8c4aab10df9, 余额=0 BTC
2025-01-09 00:05:58,483 - Main - INFO - 区块更新: 高度=0, 哈希=18d7fb16e1d6863c1d137478d42b68281ed996f5caf12abde2e557a3a8e12727, 交易数=0
2025-01-09 00:05:59,537 - Main - INFO - 账户更新: 地址=c69f62c19d9a6113bbc41cfa1d67b058d8f61c18ea17bc2de2474e438fe7cc69bf27e2a9e7c889317c8c0653448d40707675cb88b7182af1a84c0d4c2999addc, 余额=50.0 BTC
2025-01-09 00:05:59,592 - Main - INFO - 账户更新: 地址=d1a8ddbf5c508761d9bd1580643e03113cc496563fab5fa98d265ce93fbe0e4e6e6ec40b1093a300370c580530e411b8c037bb908472a9d51c89c2835a03715d, 余额=0 BTC
2025-01-09 00:05:59,643 - Main - INFO - 账户更新: 地址=d259f73cf96f6e83e795f41d9901535acf5dd3a39268aaaf30c15e6f41fce4e867a84e7dda3c9e5a14ba572553826d3818031250869535c3e19c1059ad690876, 余额=0 BTC
2025-01-09 00:05:59,697 - Main - INFO - 账户更新: 地址=40b5686cd68adcf0f734f4d1ea85f1323b1548c0971ea7ad73e7980fa1616eab0f8eefa4bb00068362674f35675d8e8c4f955007b55e1833b15bd185707fea69, 余额=0 BTC
2025-01-09 00:05:59,752 - Main - INFO - 账户更新: 地址=de10b68b4b1454af111aaf19ff7f70a7500ae4eb0c6a8bddec629c1675c15668e4c673fc6cb0003ba9a2ca90906da61e3577883cba9a77f1764b1271045ffacc, 余额=0 BTC
2025-01-09 00:05:59,813 - Main - INFO - 账户更新: 地址=13aa3678d02f3e1b25da2496a18182e60b9b640521892d2e19c052756172cd1492eee9b2181987ee296de33634aedb761a08693ad7a950085ef5d8c4aab10df9, 余额=0 BTC
2025-01-09 00:05:59,869 - Main - INFO - 区块更新: 高度=0, 哈希=18d7fb16e1d6863c1d137478d42b68281ed996f5caf12abde2e557a3a8e12727, 交易数=0
2025-01-09 00:06:00,922 - Main - INFO - 账户更新: 地址=c69f62c19d9a6113bbc41cfa1d67b058d8f61c18ea17bc2de2474e438fe7cc69bf27e2a9e7c889317c8c0653448d40707675cb88b7182af1a84c0d4c2999addc, 余额=50.0 BTC
2025-01-09 00:06:00,974 - Main - INFO - 账户更新: 地址=d1a8ddbf5c508761d9bd1580643e03113cc496563fab5fa98d265ce93fbe0e4e6e6ec40b1093a300370c580530e411b8c037bb908472a9d51c89c2835a03715d, 余额=0 BTC
2025-01-09 00:06:01,026 - Main - INFO - 账户更新: 地址=d259f73cf96f6e83e795f41d9901535acf5dd3a39268aaaf30c15e6f41fce4e867a84e7dda3c9e5a14ba572553826d3818031250869535c3e19c1059ad690876, 余额=0 BTC
2025-01-09 00:06:01,081 - Main - INFO - 账户更新: 地址=40b5686cd68adcf0f734f4d1ea85f1323b1548c0971ea7ad73e7980fa1616eab0f8eefa4bb00068362674f35675d8e8c4f955007b55e1833b15bd185707fea69, 余额=0 BTC
2025-01-09 00:06:01,137 - Main - INFO - 账户更新: 地址=de10b68b4b1454af111aaf19ff7f70a7500ae4eb0c6a8bddec629c1675c15668e4c673fc6cb0003ba9a2ca90906da61e3577883cba9a77f1764b1271045ffacc, 余额=0 BTC
2025-01-09 00:06:01,202 - Main - INFO - 账户更新: 地址=13aa3678d02f3e1b25da2496a18182e60b9b640521892d2e19c052756172cd1492eee9b2181987ee296de33634aedb761a08693ad7a950085ef5d8c4aab10df9, 余额=0 BTC
2025-01-09 00:06:01,271 - Main - INFO - 区块更新: 高度=0, 哈希=18d7fb16e1d6863c1d137478d42b68281ed996f5caf12abde2e557a3a8e12727, 交易数=0
2025-01-09 00:06:02,338 - Main - INFO - 账户更新: 地址=c69f62c19d9a6113bbc41cfa1d67b058d8f61c18ea17bc2de2474e438fe7cc69bf27e2a9e7c889317c8c0653448d40707675cb88b7182af1a84c0d4c2999addc, 余额=50.0 BTC
2025-01-09 00:06:02,405 - Main - INFO - 账户更新: 地址=d1a8ddbf5c508761d9bd1580643e03113cc496563fab5fa98d265ce93fbe0e4e6e6ec40b1093a300370c580530e411b8c037bb908472a9d51c89c2835a03715d, 余额=0 BTC
2025-01-09 00:06:02,479 - Main - INFO - 账户更新: 地址=d259f73cf96f6e83e795f41d9901535acf5dd3a39268aaaf30c15e6f41fce4e867a84e7dda3c9e5a14ba572553826d3818031250869535c3e19c1059ad690876, 余额=0 BTC
2025-01-09 00:06:02,539 - Main - INFO - 账户更新: 地址=40b5686cd68adcf0f734f4d1ea85f1323b1548c0971ea7ad73e7980fa1616eab0f8eefa4bb00068362674f35675d8e8c4f955007b55e1833b15bd185707fea69, 余额=0 BTC
2025-01-09 00:06:02,607 - Main - INFO - 账户更新: 地址=de10b68b4b1454af111aaf19ff7f70a7500ae4eb0c6a8bddec629c1675c15668e4c673fc6cb0003ba9a2ca90906da61e3577883cba9a77f1764b1271045ffacc, 余额=0 BTC
2025-01-09 00:06:02,686 - Main - INFO - 账户更新: 地址=13aa3678d02f3e1b25da2496a18182e60b9b640521892d2e19c052756172cd1492eee9b2181987ee296de33634aedb761a08693ad7a950085ef5d8c4aab10df9, 余额=0 BTC
2025-01-09 00:06:02,776 - Main - INFO - 区块更新: 高度=0, 哈希=18d7fb16e1d6863c1d137478d42b68281ed996f5caf12abde2e557a3a8e12727, 交易数=0
2025-01-09 00:06:03,850 - Main - INFO - 账户更新: 地址=c69f62c19d9a6113bbc41cfa1d67b058d8f61c18ea17bc2de2474e438fe7cc69bf27e2a9e7c889317c8c0653448d40707675cb88b7182af1a84c0d4c2999addc, 余额=50.0 BTC
2025-01-09 00:06:03,908 - Main - INFO - 账户更新: 地址=d1a8ddbf5c508761d9bd1580643e03113cc496563fab5fa98d265ce93fbe0e4e6e6ec40b1093a300370c580530e411b8c037bb908472a9d51c89c2835a03715d, 余额=0 BTC
2025-01-09 00:06:03,963 - Main - INFO - 账户更新: 地址=d259f73cf96f6e83e795f41d9901535acf5dd3a39268aaaf30c15e6f41fce4e867a84e7dda3c9e5a14ba572553826d3818031250869535c3e19c1059ad690876, 余额=0 BTC
2025-01-09 00:06:04,017 - Main - INFO - 账户更新: 地址=40b5686cd68adcf0f734f4d1ea85f1323b1548c0971ea7ad73e7980fa1616eab0f8eefa4bb00068362674f35675d8e8c4f955007b55e1833b15bd185707fea69, 余额=0 BTC
2025-01-09 00:06:04,076 - Main - INFO - 账户更新: 地址=de10b68b4b1454af111aaf19ff7f70a7500ae4eb0c6a8bddec629c1675c15668e4c673fc6cb0003ba9a2ca90906da61e3577883cba9a77f1764b1271045ffacc, 余额=0 BTC
2025-01-09 00:06:04,136 - Main - INFO - 账户更新: 地址=13aa3678d02f3e1b25da2496a18182e60b9b640521892d2e19c052756172cd1492eee9b2181987ee296de33634aedb761a08693ad7a950085ef5d8c4aab10df9, 余额=0 BTC
2025-01-09 00:06:04,192 - Main - INFO - 区块更新: 高度=0, 哈希=18d7fb16e1d6863c1d137478d42b68281ed996f5caf12abde2e557a3a8e12727, 交易数=0
2025-01-09 00:06:05,250 - Main - INFO - 账户更新: 地址=c69f62c19d9a6113bbc41cfa1d67b058d8f61c18ea17bc2de2474e438fe7cc69bf27e2a9e7c889317c8c0653448d40707675cb88b7182af1a84c0d4c2999addc, 余额=50.0 BTC
2025-01-09 00:06:05,306 - Main - INFO - 账户更新: 地址=d1a8ddbf5c508761d9bd1580643e03113cc496563fab5fa98d265ce93fbe0e4e6e6ec40b1093a300370c580530e411b8c037bb908472a9d51c89c2835a03715d, 余额=0 BTC
2025-01-09 00:06:05,363 - Main - INFO - 账户更新: 地址=d259f73cf96f6e83e795f41d9901535acf5dd3a39268aaaf30c15e6f41fce4e867a84e7dda3c9e5a14ba572553826d3818031250869535c3e19c1059ad690876, 余额=0 BTC
2025-01-09 00:06:05,424 - Main - INFO - 账户更新: 地址=40b5686cd68adcf0f734f4d1ea85f1323b1548c0971ea7ad73e7980fa1616eab0f8eefa4bb00068362674f35675d8e8c4f955007b55e1833b15bd185707fea69, 余额=0 BTC
2025-01-09 00:06:05,491 - Main - INFO - 账户更新: 地址=de10b68b4b1454af111aaf19ff7f70a7500ae4eb0c6a8bddec629c1675c15668e4c673fc6cb0003ba9a2ca90906da61e3577883cba9a77f1764b1271045ffacc, 余额=0 BTC
2025-01-09 00:06:05,558 - Main - INFO - 账户更新: 地址=13aa3678d02f3e1b25da2496a18182e60b9b640521892d2e19c052756172cd1492eee9b2181987ee296de33634aedb761a08693ad7a950085ef5d8c4aab10df9, 余额=0 BTC
2025-01-09 00:06:05,612 - Main - INFO - 区块更新: 高度=0, 哈希=18d7fb16e1d6863c1d137478d42b68281ed996f5caf12abde2e557a3a8e12727, 交易数=0
2025-01-09 00:06:06,667 - Main - INFO - 账户更新: 地址=c69f62c19d9a6113bbc41cfa1d67b058d8f61c18ea17bc2de2474e438fe7cc69bf27e2a9e7c889317c8c0653448d40707675cb88b7182af1a84c0d4c2999addc, 余额=50.0 BTC
2025-01-09 00:06:06,805 - Main - INFO - 账户更新: 地址=d1a8ddbf5c508761d9bd1580643e03113cc496563fab5fa98d265ce93fbe0e4e6e6ec40b1093a300370c580530e411b8c037bb908472a9d51c89c2835a03715d, 余额=0 BTC
2025-01-09 00:06:06,968 - Main - INFO - 账户更新: 地址=d259f73cf96f6e83e795f41d9901535acf5dd3a39268aaaf30c15e6f41fce4e867a84e7dda3c9e5a14ba572553826d3818031250869535c3e19c1059ad690876, 余额=0 BTC
2025-01-09 00:06:07,070 - Main - INFO - 账户更新: 地址=40b5686cd68adcf0f734f4d1ea85f1323b1548c0971ea7ad73e7980fa1616eab0f8eefa4bb00068362674f35675d8e8c4f955007b55e1833b15bd185707fea69, 余额=0 BTC
2025-01-09 00:06:07,166 - Main - INFO - 账户更新: 地址=de10b68b4b1454af111aaf19ff7f70a7500ae4eb0c6a8bddec629c1675c15668e4c673fc6cb0003ba9a2ca90906da61e3577883cba9a77f1764b1271045ffacc, 余额=0 BTC
2025-01-09 00:06:07,248 - Main - INFO - 账户更新: 地址=13aa3678d02f3e1b25da2496a18182e60b9b640521892d2e19c052756172cd1492eee9b2181987ee296de33634aedb761a08693ad7a950085ef5d8c4aab10df9, 余额=0 BTC
2025-01-09 00:06:07,331 - Main - INFO - 区块更新: 高度=0, 哈希=18d7fb16e1d6863c1d137478d42b68281ed996f5caf12abde2e557a3a8e12727, 交易数=0
2025-01-09 00:06:08,405 - Main - INFO - 账户更新: 地址=c69f62c19d9a6113bbc41cfa1d67b058d8f61c18ea17bc2de2474e438fe7cc69bf27e2a9e7c889317c8c0653448d40707675cb88b7182af1a84c0d4c2999addc, 余额=50.0 BTC
2025-01-09 00:06:08,462 - Main - INFO - 账户更新: 地址=d1a8ddbf5c508761d9bd1580643e03113cc496563fab5fa98d265ce93fbe0e4e6e6ec40b1093a300370c580530e411b8c037bb908472a9d51c89c2835a03715d, 余额=0 BTC
2025-01-09 00:06:08,514 - Main - INFO - 账户更新: 地址=d259f73cf96f6e83e795f41d9901535acf5dd3a39268aaaf30c15e6f41fce4e867a84e7dda3c9e5a14ba572553826d3818031250869535c3e19c1059ad690876, 余额=0 BTC
2025-01-09 00:06:08,571 - Main - INFO - 账户更新: 地址=40b5686cd68adcf0f734f4d1ea85f1323b1548c0971ea7ad73e7980fa1616eab0f8eefa4bb00068362674f35675d8e8c4f955007b55e1833b15bd185707fea69, 余额=0 BTC
2025-01-09 00:06:08,628 - Main - INFO - 账户更新: 地址=de10b68b4b1454af111aaf19ff7f70a7500ae4eb0c6a8bddec629c1675c15668e4c673fc6cb0003ba9a2ca90906da61e3577883cba9a77f1764b1271045ffacc, 余额=0 BTC
2025-01-09 00:06:08,690 - Main - INFO - 账户更新: 地址=13aa3678d02f3e1b25da2496a18182e60b9b640521892d2e19c052756172cd1492eee9b2181987ee296de33634aedb761a08693ad7a950085ef5d8c4aab10df9, 余额=0 BTC
2025-01-09 00:06:08,747 - Main - INFO - 区块更新: 高度=0, 哈希=18d7fb16e1d6863c1d137478d42b68281ed996f5caf12abde2e557a3a8e12727, 交易数=0
2025-01-09 00:06:09,810 - Main - INFO - 账户更新: 地址=c69f62c19d9a6113bbc41cfa1d67b058d8f61c18ea17bc2de2474e438fe7cc69bf27e2a9e7c889317c8c0653448d40707675cb88b7182af1a84c0d4c2999addc, 余额=50.0 BTC
2025-01-09 00:06:09,875 - Main - INFO - 账户更新: 地址=d1a8ddbf5c508761d9bd1580643e03113cc496563fab5fa98d265ce93fbe0e4e6e6ec40b1093a300370c580530e411b8c037bb908472a9d51c89c2835a03715d, 余额=0 BTC
2025-01-09 00:06:11,017 - Main - INFO - 账户更新: 地址=c69f62c19d9a6113bbc41cfa1d67b058d8f61c18ea17bc2de2474e438fe7cc69bf27e2a9e7c889317c8c0653448d40707675cb88b7182af1a84c0d4c2999addc, 余额=50.0 BTC
2025-01-09 00:06:11,073 - Main - INFO - 账户更新: 地址=d1a8ddbf5c508761d9bd1580643e03113cc496563fab5fa98d265ce93fbe0e4e6e6ec40b1093a300370c580530e411b8c037bb908472a9d51c89c2835a03715d, 余额=0 BTC
2025-01-09 00:06:11,128 - Main - INFO - 账户更新: 地址=d259f73cf96f6e83e795f41d9901535acf5dd3a39268aaaf30c15e6f41fce4e867a84e7dda3c9e5a14ba572553826d3818031250869535c3e19c1059ad690876, 余额=0 BTC
2025-01-09 00:06:11,185 - Main - INFO - 账户更新: 地址=40b5686cd68adcf0f734f4d1ea85f1323b1548c0971ea7ad73e7980fa1616eab0f8eefa4bb00068362674f35675d8e8c4f955007b55e1833b15bd185707fea69, 余额=0 BTC
2025-01-09 00:06:11,247 - Main - INFO - 账户更新: 地址=de10b68b4b1454af111aaf19ff7f70a7500ae4eb0c6a8bddec629c1675c15668e4c673fc6cb0003ba9a2ca90906da61e3577883cba9a77f1764b1271045ffacc, 余额=0 BTC
2025-01-09 00:06:11,323 - Main - INFO - 账户更新: 地址=13aa3678d02f3e1b25da2496a18182e60b9b640521892d2e19c052756172cd1492eee9b2181987ee296de33634aedb761a08693ad7a950085ef5d8c4aab10df9, 余额=0 BTC
2025-01-09 00:06:11,382 - Main - INFO - 区块更新: 高度=0, 哈希=18d7fb16e1d6863c1d137478d42b68281ed996f5caf12abde2e557a3a8e12727, 交易数=0
2025-01-09 00:06:12,451 - Main - INFO - 账户更新: 地址=c69f62c19d9a6113bbc41cfa1d67b058d8f61c18ea17bc2de2474e438fe7cc69bf27e2a9e7c889317c8c0653448d40707675cb88b7182af1a84c0d4c2999addc, 余额=50.0 BTC
2025-01-09 00:06:12,523 - Main - INFO - 账户更新: 地址=d1a8ddbf5c508761d9bd1580643e03113cc496563fab5fa98d265ce93fbe0e4e6e6ec40b1093a300370c580530e411b8c037bb908472a9d51c89c2835a03715d, 余额=0 BTC
2025-01-09 00:06:12,584 - Main - INFO - 账户更新: 地址=d259f73cf96f6e83e795f41d9901535acf5dd3a39268aaaf30c15e6f41fce4e867a84e7dda3c9e5a14ba572553826d3818031250869535c3e19c1059ad690876, 余额=0 BTC
2025-01-09 00:06:12,646 - Main - INFO - 账户更新: 地址=40b5686cd68adcf0f734f4d1ea85f1323b1548c0971ea7ad73e7980fa1616eab0f8eefa4bb00068362674f35675d8e8c4f955007b55e1833b15bd185707fea69, 余额=0 BTC
2025-01-09 00:06:12,725 - Main - INFO - 账户更新: 地址=de10b68b4b1454af111aaf19ff7f70a7500ae4eb0c6a8bddec629c1675c15668e4c673fc6cb0003ba9a2ca90906da61e3577883cba9a77f1764b1271045ffacc, 余额=0 BTC
2025-01-09 00:06:12,791 - Main - INFO - 账户更新: 地址=13aa3678d02f3e1b25da2496a18182e60b9b640521892d2e19c052756172cd1492eee9b2181987ee296de33634aedb761a08693ad7a950085ef5d8c4aab10df9, 余额=0 BTC
2025-01-09 00:06:12,854 - Main - INFO - 区块更新: 高度=0, 哈希=18d7fb16e1d6863c1d137478d42b68281ed996f5caf12abde2e557a3a8e12727, 交易数=0
2025-01-09 00:06:13,916 - Main - INFO - 账户更新: 地址=c69f62c19d9a6113bbc41cfa1d67b058d8f61c18ea17bc2de2474e438fe7cc69bf27e2a9e7c889317c8c0653448d40707675cb88b7182af1a84c0d4c2999addc, 余额=50.0 BTC
2025-01-09 00:06:13,980 - Main - INFO - 账户更新: 地址=d1a8ddbf5c508761d9bd1580643e03113cc496563fab5fa98d265ce93fbe0e4e6e6ec40b1093a300370c580530e411b8c037bb908472a9d51c89c2835a03715d, 余额=0 BTC
2025-01-09 00:06:14,041 - Main - INFO - 账户更新: 地址=d259f73cf96f6e83e795f41d9901535acf5dd3a39268aaaf30c15e6f41fce4e867a84e7dda3c9e5a14ba572553826d3818031250869535c3e19c1059ad690876, 余额=0 BTC
2025-01-09 00:06:14,103 - Main - INFO - 账户更新: 地址=40b5686cd68adcf0f734f4d1ea85f1323b1548c0971ea7ad73e7980fa1616eab0f8eefa4bb00068362674f35675d8e8c4f955007b55e1833b15bd185707fea69, 余额=0 BTC
2025-01-09 00:06:14,164 - Main - INFO - 账户更新: 地址=de10b68b4b1454af111aaf19ff7f70a7500ae4eb0c6a8bddec629c1675c15668e4c673fc6cb0003ba9a2ca90906da61e3577883cba9a77f1764b1271045ffacc, 余额=0 BTC
2025-01-09 00:06:14,226 - Main - INFO - 账户更新: 地址=13aa3678d02f3e1b25da2496a18182e60b9b640521892d2e19c052756172cd1492eee9b2181987ee296de33634aedb761a08693ad7a950085ef5d8c4aab10df9, 余额=0 BTC
2025-01-09 00:06:14,285 - Main - INFO - 区块更新: 高度=0, 哈希=18d7fb16e1d6863c1d137478d42b68281ed996f5caf12abde2e557a3a8e12727, 交易数=0
2025-01-09 00:06:15,363 - Main - INFO - 账户更新: 地址=c69f62c19d9a6113bbc41cfa1d67b058d8f61c18ea17bc2de2474e438fe7cc69bf27e2a9e7c889317c8c0653448d40707675cb88b7182af1a84c0d4c2999addc, 余额=50.0 BTC
2025-01-09 00:06:15,422 - Main - INFO - 账户更新: 地址=d1a8ddbf5c508761d9bd1580643e03113cc496563fab5fa98d265ce93fbe0e4e6e6ec40b1093a300370c580530e411b8c037bb908472a9d51c89c2835a03715d, 余额=0 BTC
2025-01-09 00:06:15,479 - Main - INFO - 账户更新: 地址=d259f73cf96f6e83e795f41d9901535acf5dd3a39268aaaf30c15e6f41fce4e867a84e7dda3c9e5a14ba572553826d3818031250869535c3e19c1059ad690876, 余额=0 BTC
2025-01-09 00:06:15,539 - Main - INFO - 账户更新: 地址=40b5686cd68adcf0f734f4d1ea85f1323b1548c0971ea7ad73e7980fa1616eab0f8eefa4bb00068362674f35675d8e8c4f955007b55e1833b15bd185707fea69, 余额=0 BTC
2025-01-09 00:06:15,601 - Main - INFO - 账户更新: 地址=de10b68b4b1454af111aaf19ff7f70a7500ae4eb0c6a8bddec629c1675c15668e4c673fc6cb0003ba9a2ca90906da61e3577883cba9a77f1764b1271045ffacc, 余额=0 BTC
2025-01-09 00:06:15,667 - Main - INFO - 账户更新: 地址=13aa3678d02f3e1b25da2496a18182e60b9b640521892d2e19c052756172cd1492eee9b2181987ee296de33634aedb761a08693ad7a950085ef5d8c4aab10df9, 余额=0 BTC
2025-01-09 00:06:15,734 - Main - INFO - 区块更新: 高度=0, 哈希=18d7fb16e1d6863c1d137478d42b68281ed996f5caf12abde2e557a3a8e12727, 交易数=0
